{"name": "test_stopbtn", "status": "broken", "statusDetails": {"message": "selenium.common.exceptions.TimeoutException: Message: \nStacktrace:\nSymbols not available. Dumping unresolved backtrace:\n\t0xe212d3\n\t0xe21314\n\t0xc0e6dd\n\t0xc593a5\n\t0xc5977b\n\t0xca0382\n\t0xc7b534\n\t0xc9db13\n\t0xc7b2e6\n\t0xc4d321\n\t0xc4e1d4\n\t0x1075314\n\t0x10708cb\n\t0x108d1aa\n\t0xe3b1d8\n\t0xe431dd\n\t0xe295d8\n\t0xe29799\n\t0xe13b28\n\t0x7724fcc9\n\t0x77c882ae\n\t0x77c8827e", "trace": "self = <test_school_record.Test_School_Record object at 0x000001CCC9D59F40>, login_once_with_download = <selenium.webdriver.chrome.webdriver.WebDriver (session=\"e1ce1164332a8b2627e6ced71188bdc3\")>\n\n    def test_stopbtn(self,login_once_with_download):\n        page = SchoolLifeRecordPage(login_once_with_download)\n        page.upload_file_data()\n        page.click_create_button()\n        page.click_recreate_button()\n        page.click_stop()\n>       assert page.get_stop_message() == \"요청에 의해 답변 생성을 중지했습니다.\"\n               ^^^^^^^^^^^^^^^^^^^^^^^\n\ntest_school_record.py:167: \n_ _ _ _ _ _ _ _ _ _ _ _ _ _ _ _ _ _ _ _ _ _ _ _ _ _ _ _ _ _ _ _ _ _ _ _ _ _ _ _ _ _ _ _ _ _ _ _ _ _ _ _ _ _ _ _ _ _ _ _ _ _ _ _ _ _ _ _ _ _ _ _ _ _ _ _ _ _ _ _ _ _ _ _ _ _ _ _ _ _ _ _ _ _ _ _ _ _ _ _ _ _ _ _ _ \n..\\pages\\school_life_record_page.py:186: in get_stop_message\n    return self.wait_visible(\"STOP_MSG\").text\n           ^^^^^^^^^^^^^^^^^^^^^^^^^^^^^\n..\\pages\\base_page.py:34: in wait_visible\n    return self.wait.until(EC.visibility_of_element_located(locator))\n           ^^^^^^^^^^^^^^^^^^^^^^^^^^^^^^^^^^^^^^^^^^^^^^^^^^^^^^^^^^\n_ _ _ _ _ _ _ _ _ _ _ _ _ _ _ _ _ _ _ _ _ _ _ _ _ _ _ _ _ _ _ _ _ _ _ _ _ _ _ _ _ _ _ _ _ _ _ _ _ _ _ _ _ _ _ _ _ _ _ _ _ _ _ _ _ _ _ _ _ _ _ _ _ _ _ _ _ _ _ _ _ _ _ _ _ _ _ _ _ _ _ _ _ _ _ _ _ _ _ _ _ _ _ _ _ \n\nself = <selenium.webdriver.support.wait.WebDriverWait (session=\"e1ce1164332a8b2627e6ced71188bdc3\")>, method = <function visibility_of_element_located.<locals>._predicate at 0x000001CCC9E6FA60>, message = ''\n\n    def until(self, method: Callable[[D], Union[Literal[False], T]], message: str = \"\") -> T:\n        \"\"\"Wait until the method returns a value that is not False.\n    \n        Calls the method provided with the driver as an argument until the\n        return value does not evaluate to ``False``.\n    \n        Parameters:\n        -----------\n        method: callable(WebDriver)\n            - A callable object that takes a WebDriver instance as an argument.\n    \n        message: str\n            - Optional message for :exc:`TimeoutException`\n    \n        Return:\n        -------\n        object: T\n            - The result of the last call to `method`\n    \n        Raises:\n        -------\n        TimeoutException\n            - If 'method' does not return a truthy value within the WebDriverWait\n            object's timeout\n    \n        Example:\n        --------\n        >>> from selenium.webdriver.common.by import By\n        >>> from selenium.webdriver.support.ui import WebDriverWait\n        >>> from selenium.webdriver.support import expected_conditions as EC\n    \n        # Wait until an element is visible on the page\n        >>> wait = WebDriverWait(driver, 10)\n        >>> element = wait.until(EC.visibility_of_element_located((By.ID, \"exampleId\")))\n        >>> print(element.text)\n        \"\"\"\n        screen = None\n        stacktrace = None\n    \n        end_time = time.monotonic() + self._timeout\n        while True:\n            try:\n                value = method(self._driver)\n                if value:\n                    return value\n            except self._ignored_exceptions as exc:\n                screen = getattr(exc, \"screen\", None)\n                stacktrace = getattr(exc, \"stacktrace\", None)\n            if time.monotonic() > end_time:\n                break\n            time.sleep(self._poll)\n>       raise TimeoutException(message, screen, stacktrace)\nE       selenium.common.exceptions.TimeoutException: Message: \nE       Stacktrace:\nE       Symbols not available. Dumping unresolved backtrace:\nE       \t0xe212d3\nE       \t0xe21314\nE       \t0xc0e6dd\nE       \t0xc593a5\nE       \t0xc5977b\nE       \t0xca0382\nE       \t0xc7b534\nE       \t0xc9db13\nE       \t0xc7b2e6\nE       \t0xc4d321\nE       \t0xc4e1d4\nE       \t0x1075314\nE       \t0x10708cb\nE       \t0x108d1aa\nE       \t0xe3b1d8\nE       \t0xe431dd\nE       \t0xe295d8\nE       \t0xe29799\nE       \t0xe13b28\nE       \t0x7724fcc9\nE       \t0x77c882ae\nE       \t0x77c8827e\n\nC:\\Users\\신윤아\\AppData\\Local\\Programs\\Python\\Python313\\Lib\\site-packages\\selenium\\webdriver\\support\\wait.py:138: TimeoutException"}, "start": 1767587947599, "stop": 1767587963796, "uuid": "f67bbdce-5468-4b85-b271-91dda5492936", "historyId": "058f21d5add138419da980c40c7ab212", "testCaseId": "058f21d5add138419da980c40c7ab212", "fullName": "tests.test_school_record.Test_School_Record#test_stopbtn", "labels": [{"name": "parentSuite", "value": "tests"}, {"name": "suite", "value": "test_school_record"}, {"name": "subSuite", "value": "Test_School_Record"}, {"name": "host", "value": "DESKTOP-F5HHRR6"}, {"name": "thread", "value": "5564-MainThread"}, {"name": "framework", "value": "pytest"}, {"name": "language", "value": "cpython3"}, {"name": "package", "value": "tests.test_school_record"}], "titlePath": ["tests", "test_school_record.py", "Test_School_Record"]}